<?xml version="1.0" encoding="UTF-8"?>
<testsuite xmlns:xsi="http://www.w3.org/2001/XMLSchema-instance" xsi:noNamespaceSchemaLocation="https://maven.apache.org/surefire/maven-surefire-plugin/xsd/surefire-test-report-3.0.xsd" version="3.0" name="com.zsy.mallmember.mallmember.MallMemberApplicationTests" time="3.804" tests="1" errors="0" skipped="0" failures="0">
  <properties>
    <property name="java.specification.version" value="21"/>
    <property name="sun.cpu.isalist" value="amd64"/>
    <property name="sun.jnu.encoding" value="GBK"/>
    <property name="java.class.path" value="D:\workSpace\mallDemo\mall\mall-member\target\test-classes;D:\workSpace\mallDemo\mall\mall-member\target\classes;D:\maven_repository\org\springframework\boot\spring-boot-starter-web\2.4.3\spring-boot-starter-web-2.4.3.jar;D:\maven_repository\org\springframework\boot\spring-boot-starter\2.4.3\spring-boot-starter-2.4.3.jar;D:\maven_repository\org\springframework\boot\spring-boot\2.4.3\spring-boot-2.4.3.jar;D:\maven_repository\org\springframework\boot\spring-boot-autoconfigure\2.4.3\spring-boot-autoconfigure-2.4.3.jar;D:\maven_repository\org\springframework\boot\spring-boot-starter-logging\2.4.3\spring-boot-starter-logging-2.4.3.jar;D:\maven_repository\ch\qos\logback\logback-classic\1.2.3\logback-classic-1.2.3.jar;D:\maven_repository\ch\qos\logback\logback-core\1.2.3\logback-core-1.2.3.jar;D:\maven_repository\org\apache\logging\log4j\log4j-to-slf4j\2.13.3\log4j-to-slf4j-2.13.3.jar;D:\maven_repository\org\apache\logging\log4j\log4j-api\2.13.3\log4j-api-2.13.3.jar;D:\maven_repository\org\slf4j\jul-to-slf4j\1.7.30\jul-to-slf4j-1.7.30.jar;D:\maven_repository\jakarta\annotation\jakarta.annotation-api\1.3.5\jakarta.annotation-api-1.3.5.jar;D:\maven_repository\org\yaml\snakeyaml\1.27\snakeyaml-1.27.jar;D:\maven_repository\org\springframework\boot\spring-boot-starter-json\2.4.3\spring-boot-starter-json-2.4.3.jar;D:\maven_repository\com\fasterxml\jackson\core\jackson-databind\2.11.4\jackson-databind-2.11.4.jar;D:\maven_repository\com\fasterxml\jackson\core\jackson-annotations\2.11.4\jackson-annotations-2.11.4.jar;D:\maven_repository\com\fasterxml\jackson\core\jackson-core\2.11.4\jackson-core-2.11.4.jar;D:\maven_repository\com\fasterxml\jackson\datatype\jackson-datatype-jdk8\2.11.4\jackson-datatype-jdk8-2.11.4.jar;D:\maven_repository\com\fasterxml\jackson\datatype\jackson-datatype-jsr310\2.11.4\jackson-datatype-jsr310-2.11.4.jar;D:\maven_repository\com\fasterxml\jackson\module\jackson-module-parameter-names\2.11.4\jackson-module-parameter-names-2.11.4.jar;D:\maven_repository\org\springframework\boot\spring-boot-starter-tomcat\2.4.3\spring-boot-starter-tomcat-2.4.3.jar;D:\maven_repository\org\apache\tomcat\embed\tomcat-embed-core\9.0.43\tomcat-embed-core-9.0.43.jar;D:\maven_repository\org\glassfish\jakarta.el\3.0.3\jakarta.el-3.0.3.jar;D:\maven_repository\org\apache\tomcat\embed\tomcat-embed-websocket\9.0.43\tomcat-embed-websocket-9.0.43.jar;D:\maven_repository\org\springframework\spring-web\5.3.4\spring-web-5.3.4.jar;D:\maven_repository\org\springframework\spring-beans\5.3.4\spring-beans-5.3.4.jar;D:\maven_repository\org\springframework\spring-webmvc\5.3.4\spring-webmvc-5.3.4.jar;D:\maven_repository\org\springframework\spring-aop\5.3.4\spring-aop-5.3.4.jar;D:\maven_repository\org\springframework\spring-context\5.3.4\spring-context-5.3.4.jar;D:\maven_repository\org\springframework\spring-expression\5.3.4\spring-expression-5.3.4.jar;D:\maven_repository\org\springframework\cloud\spring-cloud-starter-openfeign\3.0.1\spring-cloud-starter-openfeign-3.0.1.jar;D:\maven_repository\org\springframework\cloud\spring-cloud-starter\3.0.1\spring-cloud-starter-3.0.1.jar;D:\maven_repository\org\springframework\cloud\spring-cloud-context\3.0.1\spring-cloud-context-3.0.1.jar;D:\maven_repository\org\springframework\security\spring-security-rsa\1.0.9.RELEASE\spring-security-rsa-1.0.9.RELEASE.jar;D:\maven_repository\org\bouncycastle\bcpkix-jdk15on\1.64\bcpkix-jdk15on-1.64.jar;D:\maven_repository\org\bouncycastle\bcprov-jdk15on\1.64\bcprov-jdk15on-1.64.jar;D:\maven_repository\org\springframework\cloud\spring-cloud-openfeign-core\3.0.1\spring-cloud-openfeign-core-3.0.1.jar;D:\maven_repository\org\springframework\boot\spring-boot-starter-aop\2.4.3\spring-boot-starter-aop-2.4.3.jar;D:\maven_repository\org\aspectj\aspectjweaver\1.9.6\aspectjweaver-1.9.6.jar;D:\maven_repository\io\github\openfeign\form\feign-form-spring\3.8.0\feign-form-spring-3.8.0.jar;D:\maven_repository\io\github\openfeign\form\feign-form\3.8.0\feign-form-3.8.0.jar;D:\maven_repository\commons-fileupload\commons-fileupload\1.4\commons-fileupload-1.4.jar;D:\maven_repository\commons-io\commons-io\2.2\commons-io-2.2.jar;D:\maven_repository\org\springframework\cloud\spring-cloud-commons\3.0.1\spring-cloud-commons-3.0.1.jar;D:\maven_repository\org\springframework\security\spring-security-crypto\5.4.5\spring-security-crypto-5.4.5.jar;D:\maven_repository\io\github\openfeign\feign-core\10.10.1\feign-core-10.10.1.jar;D:\maven_repository\io\github\openfeign\feign-slf4j\10.10.1\feign-slf4j-10.10.1.jar;D:\maven_repository\org\slf4j\slf4j-api\1.7.30\slf4j-api-1.7.30.jar;D:\maven_repository\org\springframework\boot\spring-boot-starter-test\2.4.3\spring-boot-starter-test-2.4.3.jar;D:\maven_repository\org\springframework\boot\spring-boot-test\2.4.3\spring-boot-test-2.4.3.jar;D:\maven_repository\org\springframework\boot\spring-boot-test-autoconfigure\2.4.3\spring-boot-test-autoconfigure-2.4.3.jar;D:\maven_repository\com\jayway\jsonpath\json-path\2.4.0\json-path-2.4.0.jar;D:\maven_repository\net\minidev\json-smart\2.3\json-smart-2.3.jar;D:\maven_repository\net\minidev\accessors-smart\1.2\accessors-smart-1.2.jar;D:\maven_repository\org\ow2\asm\asm\5.0.4\asm-5.0.4.jar;D:\maven_repository\jakarta\xml\bind\jakarta.xml.bind-api\2.3.3\jakarta.xml.bind-api-2.3.3.jar;D:\maven_repository\jakarta\activation\jakarta.activation-api\1.2.2\jakarta.activation-api-1.2.2.jar;D:\maven_repository\org\assertj\assertj-core\3.18.1\assertj-core-3.18.1.jar;D:\maven_repository\org\hamcrest\hamcrest\2.2\hamcrest-2.2.jar;D:\maven_repository\org\junit\jupiter\junit-jupiter\5.7.1\junit-jupiter-5.7.1.jar;D:\maven_repository\org\junit\jupiter\junit-jupiter-api\5.7.1\junit-jupiter-api-5.7.1.jar;D:\maven_repository\org\apiguardian\apiguardian-api\1.1.0\apiguardian-api-1.1.0.jar;D:\maven_repository\org\opentest4j\opentest4j\1.2.0\opentest4j-1.2.0.jar;D:\maven_repository\org\junit\platform\junit-platform-commons\1.7.1\junit-platform-commons-1.7.1.jar;D:\maven_repository\org\junit\jupiter\junit-jupiter-params\5.7.1\junit-jupiter-params-5.7.1.jar;D:\maven_repository\org\junit\jupiter\junit-jupiter-engine\5.7.1\junit-jupiter-engine-5.7.1.jar;D:\maven_repository\org\junit\platform\junit-platform-engine\1.7.1\junit-platform-engine-1.7.1.jar;D:\maven_repository\org\mockito\mockito-core\3.6.28\mockito-core-3.6.28.jar;D:\maven_repository\net\bytebuddy\byte-buddy\1.10.20\byte-buddy-1.10.20.jar;D:\maven_repository\net\bytebuddy\byte-buddy-agent\1.10.20\byte-buddy-agent-1.10.20.jar;D:\maven_repository\org\objenesis\objenesis\3.1\objenesis-3.1.jar;D:\maven_repository\org\mockito\mockito-junit-jupiter\3.6.28\mockito-junit-jupiter-3.6.28.jar;D:\maven_repository\org\skyscreamer\jsonassert\1.5.0\jsonassert-1.5.0.jar;D:\maven_repository\com\vaadin\external\google\android-json\0.0.20131108.vaadin1\android-json-0.0.20131108.vaadin1.jar;D:\maven_repository\org\springframework\spring-core\5.3.4\spring-core-5.3.4.jar;D:\maven_repository\org\springframework\spring-jcl\5.3.4\spring-jcl-5.3.4.jar;D:\maven_repository\org\springframework\spring-test\5.3.4\spring-test-5.3.4.jar;D:\maven_repository\org\xmlunit\xmlunit-core\2.7.0\xmlunit-core-2.7.0.jar;"/>
    <property name="java.vm.vendor" value="Oracle Corporation"/>
    <property name="sun.arch.data.model" value="64"/>
    <property name="user.variant" value=""/>
    <property name="java.vendor.url" value="https://java.oracle.com/"/>
    <property name="user.timezone" value="Asia/Colombo"/>
    <property name="os.name" value="Windows 11"/>
    <property name="java.vm.specification.version" value="21"/>
    <property name="sun.java.launcher" value="SUN_STANDARD"/>
    <property name="user.country" value="CN"/>
    <property name="sun.boot.library.path" value="C:\Program Files\Java\jdk-21\bin"/>
    <property name="sun.java.command" value="C:\Users\SHANE\AppData\Local\Temp\surefire442117829137334943\surefirebooter-20240308154930827_7.jar C:\Users\SHANE\AppData\Local\Temp\surefire442117829137334943 2024-03-08T15-49-25_651-jvmRun1 surefire-20240308154930827_5tmp surefire_1-20240308154930827_6tmp"/>
    <property name="jdk.debug" value="release"/>
    <property name="surefire.test.class.path" value="D:\workSpace\mallDemo\mall\mall-member\target\test-classes;D:\workSpace\mallDemo\mall\mall-member\target\classes;D:\maven_repository\org\springframework\boot\spring-boot-starter-web\2.4.3\spring-boot-starter-web-2.4.3.jar;D:\maven_repository\org\springframework\boot\spring-boot-starter\2.4.3\spring-boot-starter-2.4.3.jar;D:\maven_repository\org\springframework\boot\spring-boot\2.4.3\spring-boot-2.4.3.jar;D:\maven_repository\org\springframework\boot\spring-boot-autoconfigure\2.4.3\spring-boot-autoconfigure-2.4.3.jar;D:\maven_repository\org\springframework\boot\spring-boot-starter-logging\2.4.3\spring-boot-starter-logging-2.4.3.jar;D:\maven_repository\ch\qos\logback\logback-classic\1.2.3\logback-classic-1.2.3.jar;D:\maven_repository\ch\qos\logback\logback-core\1.2.3\logback-core-1.2.3.jar;D:\maven_repository\org\apache\logging\log4j\log4j-to-slf4j\2.13.3\log4j-to-slf4j-2.13.3.jar;D:\maven_repository\org\apache\logging\log4j\log4j-api\2.13.3\log4j-api-2.13.3.jar;D:\maven_repository\org\slf4j\jul-to-slf4j\1.7.30\jul-to-slf4j-1.7.30.jar;D:\maven_repository\jakarta\annotation\jakarta.annotation-api\1.3.5\jakarta.annotation-api-1.3.5.jar;D:\maven_repository\org\yaml\snakeyaml\1.27\snakeyaml-1.27.jar;D:\maven_repository\org\springframework\boot\spring-boot-starter-json\2.4.3\spring-boot-starter-json-2.4.3.jar;D:\maven_repository\com\fasterxml\jackson\core\jackson-databind\2.11.4\jackson-databind-2.11.4.jar;D:\maven_repository\com\fasterxml\jackson\core\jackson-annotations\2.11.4\jackson-annotations-2.11.4.jar;D:\maven_repository\com\fasterxml\jackson\core\jackson-core\2.11.4\jackson-core-2.11.4.jar;D:\maven_repository\com\fasterxml\jackson\datatype\jackson-datatype-jdk8\2.11.4\jackson-datatype-jdk8-2.11.4.jar;D:\maven_repository\com\fasterxml\jackson\datatype\jackson-datatype-jsr310\2.11.4\jackson-datatype-jsr310-2.11.4.jar;D:\maven_repository\com\fasterxml\jackson\module\jackson-module-parameter-names\2.11.4\jackson-module-parameter-names-2.11.4.jar;D:\maven_repository\org\springframework\boot\spring-boot-starter-tomcat\2.4.3\spring-boot-starter-tomcat-2.4.3.jar;D:\maven_repository\org\apache\tomcat\embed\tomcat-embed-core\9.0.43\tomcat-embed-core-9.0.43.jar;D:\maven_repository\org\glassfish\jakarta.el\3.0.3\jakarta.el-3.0.3.jar;D:\maven_repository\org\apache\tomcat\embed\tomcat-embed-websocket\9.0.43\tomcat-embed-websocket-9.0.43.jar;D:\maven_repository\org\springframework\spring-web\5.3.4\spring-web-5.3.4.jar;D:\maven_repository\org\springframework\spring-beans\5.3.4\spring-beans-5.3.4.jar;D:\maven_repository\org\springframework\spring-webmvc\5.3.4\spring-webmvc-5.3.4.jar;D:\maven_repository\org\springframework\spring-aop\5.3.4\spring-aop-5.3.4.jar;D:\maven_repository\org\springframework\spring-context\5.3.4\spring-context-5.3.4.jar;D:\maven_repository\org\springframework\spring-expression\5.3.4\spring-expression-5.3.4.jar;D:\maven_repository\org\springframework\cloud\spring-cloud-starter-openfeign\3.0.1\spring-cloud-starter-openfeign-3.0.1.jar;D:\maven_repository\org\springframework\cloud\spring-cloud-starter\3.0.1\spring-cloud-starter-3.0.1.jar;D:\maven_repository\org\springframework\cloud\spring-cloud-context\3.0.1\spring-cloud-context-3.0.1.jar;D:\maven_repository\org\springframework\security\spring-security-rsa\1.0.9.RELEASE\spring-security-rsa-1.0.9.RELEASE.jar;D:\maven_repository\org\bouncycastle\bcpkix-jdk15on\1.64\bcpkix-jdk15on-1.64.jar;D:\maven_repository\org\bouncycastle\bcprov-jdk15on\1.64\bcprov-jdk15on-1.64.jar;D:\maven_repository\org\springframework\cloud\spring-cloud-openfeign-core\3.0.1\spring-cloud-openfeign-core-3.0.1.jar;D:\maven_repository\org\springframework\boot\spring-boot-starter-aop\2.4.3\spring-boot-starter-aop-2.4.3.jar;D:\maven_repository\org\aspectj\aspectjweaver\1.9.6\aspectjweaver-1.9.6.jar;D:\maven_repository\io\github\openfeign\form\feign-form-spring\3.8.0\feign-form-spring-3.8.0.jar;D:\maven_repository\io\github\openfeign\form\feign-form\3.8.0\feign-form-3.8.0.jar;D:\maven_repository\commons-fileupload\commons-fileupload\1.4\commons-fileupload-1.4.jar;D:\maven_repository\commons-io\commons-io\2.2\commons-io-2.2.jar;D:\maven_repository\org\springframework\cloud\spring-cloud-commons\3.0.1\spring-cloud-commons-3.0.1.jar;D:\maven_repository\org\springframework\security\spring-security-crypto\5.4.5\spring-security-crypto-5.4.5.jar;D:\maven_repository\io\github\openfeign\feign-core\10.10.1\feign-core-10.10.1.jar;D:\maven_repository\io\github\openfeign\feign-slf4j\10.10.1\feign-slf4j-10.10.1.jar;D:\maven_repository\org\slf4j\slf4j-api\1.7.30\slf4j-api-1.7.30.jar;D:\maven_repository\org\springframework\boot\spring-boot-starter-test\2.4.3\spring-boot-starter-test-2.4.3.jar;D:\maven_repository\org\springframework\boot\spring-boot-test\2.4.3\spring-boot-test-2.4.3.jar;D:\maven_repository\org\springframework\boot\spring-boot-test-autoconfigure\2.4.3\spring-boot-test-autoconfigure-2.4.3.jar;D:\maven_repository\com\jayway\jsonpath\json-path\2.4.0\json-path-2.4.0.jar;D:\maven_repository\net\minidev\json-smart\2.3\json-smart-2.3.jar;D:\maven_repository\net\minidev\accessors-smart\1.2\accessors-smart-1.2.jar;D:\maven_repository\org\ow2\asm\asm\5.0.4\asm-5.0.4.jar;D:\maven_repository\jakarta\xml\bind\jakarta.xml.bind-api\2.3.3\jakarta.xml.bind-api-2.3.3.jar;D:\maven_repository\jakarta\activation\jakarta.activation-api\1.2.2\jakarta.activation-api-1.2.2.jar;D:\maven_repository\org\assertj\assertj-core\3.18.1\assertj-core-3.18.1.jar;D:\maven_repository\org\hamcrest\hamcrest\2.2\hamcrest-2.2.jar;D:\maven_repository\org\junit\jupiter\junit-jupiter\5.7.1\junit-jupiter-5.7.1.jar;D:\maven_repository\org\junit\jupiter\junit-jupiter-api\5.7.1\junit-jupiter-api-5.7.1.jar;D:\maven_repository\org\apiguardian\apiguardian-api\1.1.0\apiguardian-api-1.1.0.jar;D:\maven_repository\org\opentest4j\opentest4j\1.2.0\opentest4j-1.2.0.jar;D:\maven_repository\org\junit\platform\junit-platform-commons\1.7.1\junit-platform-commons-1.7.1.jar;D:\maven_repository\org\junit\jupiter\junit-jupiter-params\5.7.1\junit-jupiter-params-5.7.1.jar;D:\maven_repository\org\junit\jupiter\junit-jupiter-engine\5.7.1\junit-jupiter-engine-5.7.1.jar;D:\maven_repository\org\junit\platform\junit-platform-engine\1.7.1\junit-platform-engine-1.7.1.jar;D:\maven_repository\org\mockito\mockito-core\3.6.28\mockito-core-3.6.28.jar;D:\maven_repository\net\bytebuddy\byte-buddy\1.10.20\byte-buddy-1.10.20.jar;D:\maven_repository\net\bytebuddy\byte-buddy-agent\1.10.20\byte-buddy-agent-1.10.20.jar;D:\maven_repository\org\objenesis\objenesis\3.1\objenesis-3.1.jar;D:\maven_repository\org\mockito\mockito-junit-jupiter\3.6.28\mockito-junit-jupiter-3.6.28.jar;D:\maven_repository\org\skyscreamer\jsonassert\1.5.0\jsonassert-1.5.0.jar;D:\maven_repository\com\vaadin\external\google\android-json\0.0.20131108.vaadin1\android-json-0.0.20131108.vaadin1.jar;D:\maven_repository\org\springframework\spring-core\5.3.4\spring-core-5.3.4.jar;D:\maven_repository\org\springframework\spring-jcl\5.3.4\spring-jcl-5.3.4.jar;D:\maven_repository\org\springframework\spring-test\5.3.4\spring-test-5.3.4.jar;D:\maven_repository\org\xmlunit\xmlunit-core\2.7.0\xmlunit-core-2.7.0.jar;"/>
    <property name="sun.cpu.endian" value="little"/>
    <property name="user.home" value="C:\Users\SHANE"/>
    <property name="user.language" value="zh"/>
    <property name="java.specification.vendor" value="Oracle Corporation"/>
    <property name="java.version.date" value="2023-10-17"/>
    <property name="java.home" value="C:\Program Files\Java\jdk-21"/>
    <property name="file.separator" value="\"/>
    <property name="basedir" value="D:\workSpace\mallDemo\mall\mall-member"/>
    <property name="java.vm.compressedOopsMode" value="Zero based"/>
    <property name="line.separator" value="&#10;"/>
    <property name="java.vm.specification.vendor" value="Oracle Corporation"/>
    <property name="java.specification.name" value="Java Platform API Specification"/>
    <property name="FILE_LOG_CHARSET" value="UTF-8"/>
    <property name="java.awt.headless" value="true"/>
    <property name="surefire.real.class.path" value="C:\Users\SHANE\AppData\Local\Temp\surefire442117829137334943\surefirebooter-20240308154930827_7.jar"/>
    <property name="user.script" value=""/>
    <property name="sun.management.compiler" value="HotSpot 64-Bit Tiered Compilers"/>
    <property name="java.runtime.version" value="21.0.1+12-LTS-29"/>
    <property name="user.name" value="SHANE"/>
    <property name="stdout.encoding" value="GBK"/>
    <property name="path.separator" value=";"/>
    <property name="os.version" value="10.0"/>
    <property name="java.runtime.name" value="Java(TM) SE Runtime Environment"/>
    <property name="file.encoding" value="UTF-8"/>
    <property name="spring.beaninfo.ignore" value="true"/>
    <property name="java.vm.name" value="Java HotSpot(TM) 64-Bit Server VM"/>
    <property name="localRepository" value="D:\maven_repository"/>
    <property name="java.vendor.url.bug" value="https://bugreport.java.com/bugreport/"/>
    <property name="java.io.tmpdir" value="C:\Users\SHANE\AppData\Local\Temp\"/>
    <property name="idea.version" value="2021.3.3"/>
    <property name="java.version" value="21.0.1"/>
    <property name="user.dir" value="D:\workSpace\mallDemo\mall\mall-member"/>
    <property name="os.arch" value="amd64"/>
    <property name="java.vm.specification.name" value="Java Virtual Machine Specification"/>
    <property name="PID" value="23696"/>
    <property name="sun.os.patch.level" value=""/>
    <property name="CONSOLE_LOG_CHARSET" value="UTF-8"/>
    <property name="native.encoding" value="GBK"/>
    <property name="java.library.path" value="C:\Program Files\Java\jdk-21\bin;C:\Windows\Sun\Java\bin;C:\Windows\system32;C:\Windows;D:\software\VMware\bin\;C:\Python312\Scripts\;C:\Python312\python.exe;C:\Program Files\Java\jdk1.8.0_151\bin;C:\Program Files\Common Files\Oracle\Java\javapath;C:\Program Files (x86)\Common Files\Oracle\Java\javapath;C:\Windows\System32\HWAudioDriver;C:\Windows\system32;C:\Windows;C:\Windows\System32\Wbem;C:\Windows\System32\WindowsPowerShell\v1.0\;C:\Windows\System32\OpenSSH\;C:\Users\Administrator\AppData\Local\Microsoft\WindowsApps;D:\software\Git\cmd;D:\software\MySQL\MySQL Server 8.0\bin;D:\software\Go\bin;D:\workSpace\goProject;D:\software\platform-tools;D:\software\apache-jmeter-5.6\bin;D:\software\apache-maven-3.9.6\bin;C:\ProgramData\chocolatey\bin;C:\Program Files\nodejs\;D:\software\nginx-1.12.0;D:\software\Redis\;D:\software\MongoDB\Server\7.0\bin;C:\Program Files\Vagrant\bin;C:\Users\SHANE\AppData\Local\Programs\Python\Python310\Scripts\;C:\Users\SHANE\AppData\Local\Programs\Python\Python310\;C:\Users\SHANE\AppData\Local\Microsoft\WindowsApps;;D:\software\PyCharm Community Edition 2023.2.4\bin;;D:\software\Microsoft VS Code\bin;C:\Users\SHANE\go\bin;D:\software\IntelliJ IDEA Community Edition 2021.3.3\bin;;D:\software\IntelliJ IDEA 2023.2.5\bin;;D:\software\Fiddler;C:\Users\SHANE\AppData\Roaming\npm;D:\software\IntelliJ IDEA Community Edition 2023.3.2\bin;;D:\software\mongosh\;."/>
    <property name="java.vm.info" value="mixed mode, sharing"/>
    <property name="stderr.encoding" value="GBK"/>
    <property name="java.vendor" value="Oracle Corporation"/>
    <property name="java.vm.version" value="21.0.1+12-LTS-29"/>
    <property name="sun.io.unicode.encoding" value="UnicodeLittle"/>
    <property name="java.class.version" value="65.0"/>
  </properties>
  <testcase name="contextLoads" classname="com.zsy.mallmember.mallmember.MallMemberApplicationTests" time="0.172">
    <system-out><![CDATA[15:49:31.218 [main] DEBUG org.springframework.test.context.BootstrapUtils - Instantiating CacheAwareContextLoaderDelegate from class [org.springframework.test.context.cache.DefaultCacheAwareContextLoaderDelegate]
15:49:31.226 [main] DEBUG org.springframework.test.context.BootstrapUtils - Instantiating BootstrapContext using constructor [public org.springframework.test.context.support.DefaultBootstrapContext(java.lang.Class,org.springframework.test.context.CacheAwareContextLoaderDelegate)]
15:49:31.249 [main] DEBUG org.springframework.test.context.BootstrapUtils - Instantiating TestContextBootstrapper for test class [com.zsy.mallmember.mallmember.MallMemberApplicationTests] from class [org.springframework.boot.test.context.SpringBootTestContextBootstrapper]
15:49:31.255 [main] INFO org.springframework.boot.test.context.SpringBootTestContextBootstrapper - Neither @ContextConfiguration nor @ContextHierarchy found for test class [com.zsy.mallmember.mallmember.MallMemberApplicationTests], using SpringBootContextLoader
15:49:31.256 [main] DEBUG org.springframework.test.context.support.AbstractContextLoader - Did not detect default resource location for test class [com.zsy.mallmember.mallmember.MallMemberApplicationTests]: class path resource [com/zsy/mallmember/mallmember/MallMemberApplicationTests-context.xml] does not exist
15:49:31.257 [main] DEBUG org.springframework.test.context.support.AbstractContextLoader - Did not detect default resource location for test class [com.zsy.mallmember.mallmember.MallMemberApplicationTests]: class path resource [com/zsy/mallmember/mallmember/MallMemberApplicationTestsContext.groovy] does not exist
15:49:31.257 [main] INFO org.springframework.test.context.support.AbstractContextLoader - Could not detect default resource locations for test class [com.zsy.mallmember.mallmember.MallMemberApplicationTests]: no resource found for suffixes {-context.xml, Context.groovy}.
15:49:31.257 [main] INFO org.springframework.test.context.support.AnnotationConfigContextLoaderUtils - Could not detect default configuration classes for test class [com.zsy.mallmember.mallmember.MallMemberApplicationTests]: MallMemberApplicationTests does not declare any static, non-private, non-final, nested classes annotated with @Configuration.
15:49:31.288 [main] DEBUG org.springframework.test.context.support.ActiveProfilesUtils - Could not find an 'annotation declaring class' for annotation type [org.springframework.test.context.ActiveProfiles] and class [com.zsy.mallmember.mallmember.MallMemberApplicationTests]
15:49:31.335 [main] DEBUG org.springframework.context.annotation.ClassPathScanningCandidateComponentProvider - Identified candidate component class: file [D:\workSpace\mallDemo\mall\mall-member\target\classes\com\zsy\mallmember\mallmember\MallMemberApplication.class]
15:49:31.336 [main] INFO org.springframework.boot.test.context.SpringBootTestContextBootstrapper - Found @SpringBootConfiguration com.zsy.mallmember.mallmember.MallMemberApplication for test class com.zsy.mallmember.mallmember.MallMemberApplicationTests
15:49:31.398 [main] DEBUG org.springframework.boot.test.context.SpringBootTestContextBootstrapper - @TestExecutionListeners is not present for class [com.zsy.mallmember.mallmember.MallMemberApplicationTests]: using defaults.
15:49:31.398 [main] INFO org.springframework.boot.test.context.SpringBootTestContextBootstrapper - Loaded default TestExecutionListener class names from location [META-INF/spring.factories]: [org.springframework.boot.test.mock.mockito.MockitoTestExecutionListener, org.springframework.boot.test.mock.mockito.ResetMocksTestExecutionListener, org.springframework.boot.test.autoconfigure.restdocs.RestDocsTestExecutionListener, org.springframework.boot.test.autoconfigure.web.client.MockRestServiceServerResetTestExecutionListener, org.springframework.boot.test.autoconfigure.web.servlet.MockMvcPrintOnlyOnFailureTestExecutionListener, org.springframework.boot.test.autoconfigure.web.servlet.WebDriverTestExecutionListener, org.springframework.boot.test.autoconfigure.webservices.client.MockWebServiceServerTestExecutionListener, org.springframework.test.context.web.ServletTestExecutionListener, org.springframework.test.context.support.DirtiesContextBeforeModesTestExecutionListener, org.springframework.test.context.event.ApplicationEventsTestExecutionListener, org.springframework.test.context.support.DependencyInjectionTestExecutionListener, org.springframework.test.context.support.DirtiesContextTestExecutionListener, org.springframework.test.context.transaction.TransactionalTestExecutionListener, org.springframework.test.context.jdbc.SqlScriptsTestExecutionListener, org.springframework.test.context.event.EventPublishingTestExecutionListener]
15:49:31.406 [main] DEBUG org.springframework.boot.test.context.SpringBootTestContextBootstrapper - Skipping candidate TestExecutionListener [org.springframework.test.context.transaction.TransactionalTestExecutionListener] due to a missing dependency. Specify custom listener classes or make the default listener classes and their required dependencies available. Offending class: [org/springframework/transaction/interceptor/TransactionAttributeSource]
15:49:31.407 [main] DEBUG org.springframework.boot.test.context.SpringBootTestContextBootstrapper - Skipping candidate TestExecutionListener [org.springframework.test.context.jdbc.SqlScriptsTestExecutionListener] due to a missing dependency. Specify custom listener classes or make the default listener classes and their required dependencies available. Offending class: [org/springframework/transaction/interceptor/TransactionAttribute]
15:49:31.407 [main] INFO org.springframework.boot.test.context.SpringBootTestContextBootstrapper - Using TestExecutionListeners: [org.springframework.test.context.web.ServletTestExecutionListener@2bb3058, org.springframework.test.context.support.DirtiesContextBeforeModesTestExecutionListener@7a362b6b, org.springframework.test.context.event.ApplicationEventsTestExecutionListener@60df60da, org.springframework.boot.test.mock.mockito.MockitoTestExecutionListener@5a2d131d, org.springframework.boot.test.autoconfigure.SpringBootDependencyInjectionTestExecutionListener@14fc1f0, org.springframework.test.context.support.DirtiesContextTestExecutionListener@4ae9cfc1, org.springframework.test.context.event.EventPublishingTestExecutionListener@512baff6, org.springframework.boot.test.mock.mockito.ResetMocksTestExecutionListener@632ceb35, org.springframework.boot.test.autoconfigure.restdocs.RestDocsTestExecutionListener@1c93f6e1, org.springframework.boot.test.autoconfigure.web.client.MockRestServiceServerResetTestExecutionListener@1800a575, org.springframework.boot.test.autoconfigure.web.servlet.MockMvcPrintOnlyOnFailureTestExecutionListener@1458ed9c, org.springframework.boot.test.autoconfigure.web.servlet.WebDriverTestExecutionListener@10a9d961, org.springframework.boot.test.autoconfigure.webservices.client.MockWebServiceServerTestExecutionListener@130e116b]
15:49:31.409 [main] DEBUG org.springframework.test.context.support.AbstractDirtiesContextTestExecutionListener - Before test class: context [DefaultTestContext@56928307 testClass = MallMemberApplicationTests, testInstance = [null], testMethod = [null], testException = [null], mergedContextConfiguration = [WebMergedContextConfiguration@3899782c testClass = MallMemberApplicationTests, locations = '{}', classes = '{class com.zsy.mallmember.mallmember.MallMemberApplication}', contextInitializerClasses = '[]', activeProfiles = '{}', propertySourceLocations = '{}', propertySourceProperties = '{org.springframework.boot.test.context.SpringBootTestContextBootstrapper=true}', contextCustomizers = set[org.springframework.boot.test.context.filter.ExcludeFilterContextCustomizer@37d4349f, org.springframework.boot.test.json.DuplicateJsonObjectContextCustomizerFactory$DuplicateJsonObjectContextCustomizer@2805d709, org.springframework.boot.test.mock.mockito.MockitoContextCustomizer@0, org.springframework.boot.test.web.client.TestRestTemplateContextCustomizer@3cebbb30, org.springframework.boot.test.autoconfigure.actuate.metrics.MetricsExportContextCustomizerFactory$DisableMetricExportContextCustomizer@47e2e487, org.springframework.boot.test.autoconfigure.properties.PropertyMappingContextCustomizer@0, org.springframework.boot.test.autoconfigure.web.servlet.WebDriverContextCustomizerFactory$Customizer@771a660, org.springframework.boot.test.context.SpringBootTestArgs@1, org.springframework.boot.test.context.SpringBootTestWebEnvironment@5c18298f], resourceBasePath = 'src/main/webapp', contextLoader = 'org.springframework.boot.test.context.SpringBootContextLoader', parent = [null]], attributes = map['org.springframework.test.context.web.ServletTestExecutionListener.activateListener' -> true]], class annotated with @DirtiesContext [false] with mode [null].
15:49:31.439 [main] DEBUG org.springframework.test.context.support.TestPropertySourceUtils - Adding inlined properties to environment: {spring.jmx.enabled=false, org.springframework.boot.test.context.SpringBootTestContextBootstrapper=true}

  .   ____          _            __ _ _
 /\\ / ___'_ __ _ _(_)_ __  __ _ \ \ \ \
( ( )\___ | '_ | '_| | '_ \/ _` | \ \ \ \
 \\/  ___)| |_)| | | | | || (_| |  ) ) ) )
  '  |____| .__|_| |_|_| |_\__, | / / / /
 =========|_|==============|___/=/_/_/_/
 :: Spring Boot ::                (v2.4.3)

2024-03-08 15:49:32.667  INFO 23696 --- [           main] c.z.m.m.MallMemberApplicationTests       : Starting MallMemberApplicationTests using Java 21.0.1 on LAPTOP-QT36SE5G with PID 23696 (started by SHANE in D:\workSpace\mallDemo\mall\mall-member)
2024-03-08 15:49:32.668  INFO 23696 --- [           main] c.z.m.m.MallMemberApplicationTests       : No active profile set, falling back to default profiles: default
2024-03-08 15:49:33.149  INFO 23696 --- [           main] o.s.cloud.context.scope.GenericScope     : BeanFactory id=3376e301-a07f-3a0a-9808-095289775e08
2024-03-08 15:49:33.495  INFO 23696 --- [           main] o.s.s.concurrent.ThreadPoolTaskExecutor  : Initializing ExecutorService 'applicationTaskExecutor'
2024-03-08 15:49:34.751  INFO 23696 --- [           main] o.s.cloud.commons.util.InetUtils         : Cannot determine local hostname
2024-03-08 15:49:34.786  INFO 23696 --- [           main] c.z.m.m.MallMemberApplicationTests       : Started MallMemberApplicationTests in 3.341 seconds (JVM running for 3.925)
]]></system-out>
  </testcase>
</testsuite>